Arguments: 
  /home/ab/.nvm/versions/node/v14.15.4/bin/node /usr/share/yarn/bin/yarn.js add -D tscpaths

PATH: 
  /home/ab/.cargo/bin:/home/ab/.yarn/bin:/home/ab/.vscode-server/bin/c3f126316369cd610563c75b1b1725e0679adfb3/bin:/home/ab/.cargo/bin:/home/ab/.yarn/bin:/home/ab/.nvm/versions/node/v14.15.4/bin:/home/ab/.cargo/bin:/usr/local/sbin:/usr/local/bin:/usr/sbin:/usr/bin:/sbin:/bin:/usr/games:/usr/local/games:/mnt/c/Windows/system32:/mnt/c/Windows:/mnt/c/Windows/System32/Wbem:/mnt/c/Windows/System32/WindowsPowerShell/v1.0/:/mnt/c/Windows/System32/OpenSSH/:/mnt/c/Program Files/NVIDIA Corporation/NVIDIA NvDLISR:/mnt/c/Program Files (x86)/NVIDIA Corporation/PhysX/Common:/mnt/c/Program Files/Docker/Docker/resources/bin:/mnt/c/ProgramData/DockerDesktop/version-bin:/mnt/c/Users/andra/AppData/Local/Programs/Microsoft VS Code/bin:/mnt/c/Users/andra/AppData/Local/GitHubDesktop/bin:/mnt/c/Users/andra/AppData/Local/hyper/app-3.0.2/resources/bin

Yarn version: 
  1.22.5

Node version: 
  14.15.4

Platform: 
  linux x64

Trace: 
  Error: ENOENT: no such file or directory, copyfile '/home/ab/.cache/yarn/v6/npm-ms-2.1.3-574c8138ce1d2b5861f0b44579dbadd60c6615b2-integrity/node_modules/ms/index.js' -> '/home/ab/devel/coolLabs/coollabs-template-api/node_modules/jsonwebtoken/node_modules/ms/index.js'

npm manifest: 
  {
    "name": "coollabs-template-api",
    "version": "1.0.0",
    "description": "",
    "scripts": {
      "dev:docker:start": "docker-compose -f docker-compose-dev.yml up -d",
      "dev:docker:stop": "docker-compose -f docker-compose-dev.yml down",
      "dev": "run-p dev:docker:start dev:typescript dev:serve",
      "dev:typescript": "tsc --watch",
      "dev:serve": "nodemon build/index.js",
      "build": "tsc ",
      "start": "node build/src/index.js"
    },
    "main": "build/index.js",
    "author": "",
    "license": "ISC",
    "dependencies": {
      "@iarna/toml": "^2.2.5",
      "cuid": "^2.1.8",
      "dayjs": "^1.10.6",
      "dockerode": "^3.3.0",
      "fastify": "^3.19.2",
      "fastify-env": "^2.1.1",
      "fastify-jwt": "^3.0.0",
      "generate-password": "^1.6.1",
      "js-yaml": "^4.1.0",
      "jsonwebtoken": "^8.5.1",
      "mongoose": "^5.13.3",
      "shelljs": "^0.8.4",
      "systeminformation": "^5.7.11",
      "unique-names-generator": "^4.6.0"
    },
    "devDependencies": {
      "@types/dockerode": "^3.2.6",
      "@types/js-yaml": "^4.0.2",
      "@types/node": "^16.4.3",
      "@types/shelljs": "^0.8.9",
      "nodemon": "^2.0.12",
      "npm-run-all": "^4.1.5",
      "typescript": "^4.3.5"
    }
  }

yarn manifest: 
  No manifest

Lockfile: 
  No lockfile
